2021-05-10 21:51:51 INFO  Main:19 - Start program...
2021-05-10 21:51:51 INFO  Main:50 - Print the array: [Orange, Banana, Apple]
2021-05-10 21:51:51 INFO  Main:63 - Got the sign of the sum: positive
2021-05-10 21:51:51 INFO  Main:63 - Got the sign of the sum: negative
2021-05-10 21:51:51 INFO  Main:85 - Got the color: [0;32mЗеленый[0m
2021-05-10 21:51:51 INFO  Main:85 - Got the color: [0;33mЖелтый[0m
2021-05-10 21:51:51 INFO  Main:100 - Got the result of comparing integers: a < b
2021-05-10 21:51:51 INFO  Main:100 - Got the result of comparing integers: a >= b
2021-05-10 21:51:51 INFO  Main:40 - End program.

2021-05-10 21:56:57 INFO  Main:19 - Start program...
2021-05-10 21:56:57 INFO  Main:50 - Print the array: [Orange, Banana, Apple]
2021-05-10 21:56:57 INFO  Main:63 - Got the sign of the sum: positive
2021-05-10 21:56:57 INFO  Main:63 - Got the sign of the sum: positive
2021-05-10 21:56:57 INFO  Main:85 - Got the color: [0;32mЗеленый[0m
2021-05-10 21:56:57 INFO  Main:85 - Got the color: [0;33mЖелтый[0m
2021-05-10 21:56:57 INFO  Main:100 - Got the result of comparing integers: a < b
2021-05-10 21:56:57 INFO  Main:100 - Got the result of comparing integers: a >= b
2021-05-10 21:56:57 INFO  Main:40 - End program.

2021-05-10 22:00:59 INFO  Main:19 - Start program...
2021-05-10 22:00:59 INFO  Main:50 - Print the array: [Orange, Banana, Apple]
2021-05-10 22:00:59 INFO  Main:63 - Got the sign of the sum: positive
2021-05-10 22:00:59 INFO  Main:63 - Got the sign of the sum: positive
2021-05-10 22:00:59 INFO  Main:85 - Got the color: Зеленый
2021-05-10 22:00:59 INFO  Main:85 - Got the color: Желтый
2021-05-10 22:00:59 INFO  Main:100 - Got the result of comparing integers: a < b
2021-05-10 22:00:59 INFO  Main:100 - Got the result of comparing integers: a >= b
2021-05-10 22:00:59 INFO  Main:40 - End program.

2021-05-11 01:28:30 INFO  Main:19 - Start program...
2021-05-11 01:28:30 INFO  Main:50 - Print the array: [Orange, Banana, Apple]
2021-05-11 01:28:30 INFO  Main:63 - Got the sign of the sum: Сумма положительная
2021-05-11 01:28:30 INFO  Main:63 - Got the sign of the sum: Сумма положительная
2021-05-11 01:28:30 INFO  Main:87 - Got the color: Зеленый
2021-05-11 01:28:30 INFO  Main:87 - Got the color: Желтый
2021-05-11 01:28:30 INFO  Main:102 - Got the result of comparing integers: a < b
2021-05-11 01:28:30 INFO  Main:102 - Got the result of comparing integers: a >= b
2021-05-11 01:28:30 INFO  Main:40 - End program.

2021-05-11 01:30:33 INFO  Main:19 - Start program...
2021-05-11 01:30:33 INFO  Main:50 - Print the array: [Orange, Banana, Apple]
2021-05-11 01:30:33 INFO  Main:63 - Got the sign of the sum: Сумма положительная
2021-05-11 01:30:33 INFO  Main:63 - Got the sign of the sum: Сумма положительная
2021-05-11 01:30:33 INFO  Main:87 - Got the color: Зеленый
2021-05-11 01:30:33 INFO  Main:87 - Got the color: Желтый
2021-05-11 01:30:33 INFO  Main:102 - Got the result of comparing integers: 123 < 321
2021-05-11 01:30:33 INFO  Main:102 - Got the result of comparing integers: 0 >= -123
2021-05-11 01:30:33 INFO  Main:40 - End program.

